  Door.cpp
  Enemy.cpp
C:\Users\ayden\source\repos\Doom Style game\Enemy.hpp(2,10): error C1083: Cannot open include file: 'Gameplay/Player.hpp': No such file or directory
  (compiling source file 'Enemy.cpp')
  
  Engine.cpp
C:\Users\ayden\source\repos\Doom Style game\Engine.hpp(3,10): error C1083: Cannot open include file: 'Rendering/Renderer.hpp': No such file or directory
  (compiling source file 'Engine.cpp')
  
  HUD.cpp
C:\Users\ayden\source\repos\Doom Style game\HUD.hpp(3,10): error C1083: Cannot open include file: 'Gameplay/Player.hpp': No such file or directory
  (compiling source file 'HUD.cpp')
  
  LevelLoader.cpp
  main.cpp
C:\Users\ayden\source\repos\Doom Style game\main.cpp(1,10): error C1083: Cannot open include file: 'Core/Engine.hpp': No such file or directory
  Map.cpp
C:\Users\ayden\source\repos\Doom Style game\Map.cpp(1,10): error C1083: Cannot open include file: 'World/Map.hpp': No such file or directory
  Minimap.cpp
C:\Users\ayden\source\repos\Doom Style game\Minimap.hpp(3,10): error C1083: Cannot open include file: 'World/Map.hpp': No such file or directory
  (compiling source file 'Minimap.cpp')
  
  ParticleSystem.cpp
  Pathfinding.cpp
C:\Users\ayden\source\repos\Doom Style game\Pathfinding.hpp(5,10): error C1083: Cannot open include file: 'World/Map.hpp': No such file or directory
  (compiling source file 'Pathfinding.cpp')
  
  Player.cpp
C:\Users\ayden\source\repos\Doom Style game\Player.hpp(2,10): error C1083: Cannot open include file: 'World/Map.hpp': No such file or directory
  (compiling source file 'Player.cpp')
  
  Renderer.cpp
C:\Users\ayden\source\repos\Doom Style game\Renderer.hpp(3,10): error C1083: Cannot open include file: 'World/Map.hpp': No such file or directory
  (compiling source file 'Renderer.cpp')
  
  SaveSystem.cpp
C:\Users\ayden\source\repos\Doom Style game\SaveSystem.hpp(2,10): error C1083: Cannot open include file: 'Gameplay/Player.hpp': No such file or directory
  (compiling source file 'SaveSystem.cpp')
  
  SoundSystem.cpp
  Weapon.cpp
  Generating Code...
